Configuring TinyFugue version 4.0 stable 1

TF binary will be installed as     /usr/games/tf
Library, help, and utilities:      /usr/share/games/tf/
Default mail directory:            /var/spool/mail/
Man page will be installed in      /usr/man/man6/tf.6 in nroff format

To change these locations type "n" now and edit the unix/Config file.
Continue? (y/n)


Will compile with: gcc -O2 -g -Wall
Preprocessor: gcc -O2 -g -Wall -E
Ah ha, gcc is GNU C gcc (GCC) 7.1.1 20170630
Copyright (C) 2017 Free Software Foundation, Inc.
This is free software; see the source for copying conditions.  There is NO
warranty; not even for MERCHANTABILITY or FITNESS FOR A PARTICULAR PURPOSE.
Right on, your system is POSIX.
Found <stdlib.h>.
Found <string.h>.
Found <memory.h>.
Found <sys/select.h>.
Found <locale.h>.
Found <netinet/in.h>.
Found <arpa/inet.h>.
Found <netdb.h>.
Found <pwd.h>.
Found <zlib.h>.
Found <stdarg.h>.
Testing for library symbols...
Found bcopy.
Found bsearch.
Found bzero.
Found connect.
Found fileno.
Found getcwd.
Found gethostbyname.
Found getpwnam.
Found gettimeofday.
Did not find getwd, but that's ok.
Found h_errno.
Found hstrerror.
Found index.
Found kill.
Found memcpy.
Found memset.
Found raise.
Found setlocale.
Found sigaction.
Found srand.
Found srandom.
Found strcasecmp.
Found strchr.
Did not find strcmpi, but that's ok.
Found strcspn.
Found strerror.
Found strftime.
Did not find stricmp, but that's ok.
Found strstr.
Found strtod.
Found strtol.
Found tzset.
Found waitpid.
Testing case conversion...
Case conversion works.
Testing type of signal handlers...
Signal handlers return void, as they should.
Testing for time_t...
time() returns time_t, as it should.
Creating linker test...
Will link with -lbsd compatibility library.
Will link with -lz.
Will link with -lncurses terminal control library.
Will link with -lm math library.
Using <termios.h>.

#### DO NOT EDIT THIS FILE.
#### This file was automatically generated by unix/tfconfig.
#### Any configuration changes should be made in unix/Config.

TFVERSION  = "TinyFugue version 4.0 stable 1"
X          = 
O          = o
MAKE       = make
TF         = /usr/games/tf
SYMLINK    = 
LIBDIR     = /usr/share/games/tf
MAILDIR    = /var/spool/mail
MANPAGE    = /usr/man/man6/tf.6
MANTYPE    = nroff
MODE       = 755
CC         = gcc
STRIP      = strip
FLAGS      = -O2 -g -Wall 
LIBS       = -lm -lncurses -lz -lbsd 
OTHER_OBJS = 


#define UNAME      "Linux x86_64 GNU/Linux"
/* config.h
 * This file was automatically generated by unix/tfconfig.
 */
#define PLATFORM_UNIX
#define LIBDIR     "/usr/share/games/tf"
#define MAILDIR    "/var/spool/mail"
#define UNISTD_H <unistd.h>
#define STDLIB_H <stdlib.h>
#define STRING_H <string.h>
#define MEMORY_H <memory.h>
#define SYS_SELECT_H <sys/select.h>
#define LOCALE_H <locale.h>
#define NETINET_IN_H <netinet/in.h>
#define ARPA_INET_H <arpa/inet.h>
#define NETDB_H <netdb.h>
#define HAVE_PWD_H
#define MUDCOMPRESS
#define HAVE_STDARG
#define HAVE_bcopy
#define HAVE_bsearch
#define HAVE_bzero
#define HAVE_connect
#define HAVE_fileno
#define HAVE_getcwd
#define HAVE_gethostbyname
#define HAVE_getpwnam
#define HAVE_gettimeofday
#undef  HAVE_getwd
#define HAVE_h_errno
#define HAVE_hstrerror
#define HAVE_index
#define HAVE_kill
#define HAVE_memcpy
#define HAVE_memset
#define HAVE_raise
#define HAVE_setlocale
#define HAVE_sigaction
#define HAVE_srand
#define HAVE_srandom
#define HAVE_strcasecmp
#define HAVE_strchr
#undef  HAVE_strcmpi
#define HAVE_strcspn
#define HAVE_strerror
#define HAVE_strftime
#undef  HAVE_stricmp
#define HAVE_strstr
#define HAVE_strtod
#define HAVE_strtol
#define HAVE_tzset
#define HAVE_waitpid
#define CASE_OK
#define RETSIG void
#define TIME_T time_t
#define TERMCAP
#define USE_TERMIOS

make[1]: Entering directory '/home/elmo2/Downloads/tf-40s1/src'
if test -d ../help; then cd ../help; make tf-help; fi
if test -d ../help; then cp ../help/tf-help ../tf-lib; fi
cp tf /usr/games/tf
chmod 755 /usr/games/tf
## Creating library directory...
test -n "/usr/share/games/tf"
test -d "/usr/share/games/tf" || mkdir /usr/share/games/tf
test -d "/usr/share/games/tf"
## Copying library files...
cd ../tf-lib; \
for f in *; do test -f $f && files="$files $f"; done; \
( cd /usr/share/games/tf; rm -f $files tf.help tf.help.index; ); \
cp $files /usr/share/games/tf; \
cd /usr/share/games/tf; \
chmod 755 $files; chmod ugo-wx $files
rm -f /usr/share/games/tf/CHANGES 
cp ../CHANGES /usr/share/games/tf
chmod 755 /usr/share/games/tf/CHANGES; chmod ugo-wx /usr/share/games/tf/CHANGES
chmod 755 /usr/share/games/tf
## Creating links so old library names still work...
cp tf.1.nroffman /usr/man/man6/tf.6
cp: cannot create regular file '/usr/man/man6/tf.6': No such file or directory
make[1]: *** [Makefile:185: /usr/man/man6/tf.6] Error 1
make[1]: Leaving directory '/home/elmo2/Downloads/tf-40s1/src'

#####################################################
#### TinyFugue installation FAILED.
#### See README for help.
#### 
#### Perhaps gcc is not configured correctly.
#### Before contacting the author, set (and uncomment)
#### CC=cc in unix/Config and try again.
